<?xml version="1.0" encoding="UTF-8"?>
<!-- Generated by org.testng.reporters.JUnitXMLReporter -->
<testsuite hostname="Nagesh" ignored="2" name="ExpediaSearchPage" tests="2" failures="0" timestamp="19 Feb 2017 08:54:57 GMT" time="0.047" errors="0">
  <testcase name="BMWX3" time="0.011" classname="TestCases.TestNG_Grouping"/>
  <testcase name="HondaAccord" time="0.003" classname="TestCases.TestNG_Grouping"/>
  <testcase name="BMW3Series" time="0.0" classname="TestCases.TestNG_Grouping">
    <ignored/>
  </testcase> <!-- BMW3Series -->
  <testcase name="AudiA6" time="0.0" classname="TestCases.TestNG_Grouping">
    <ignored/>
  </testcase> <!-- AudiA6 -->
</testsuite> <!-- ExpediaSearchPage -->
