<?xml version="1.0" encoding="UTF-8"?>
<!-- Generated by org.testng.reporters.JUnitXMLReporter -->
<testsuite hostname="Nagesh" ignored="0" name="Firefox Listners Test" tests="2" failures="0" timestamp="19 Feb 2017 17:17:41 GMT" time="30.085" errors="0">
  <testcase name="@BeforeMethod beforeMethod" time="0.0" classname="TestCases.TestNG_TestCaseForListner">
    <failure type="org.openqa.selenium.NoSuchSessionException" message="Session ID is null. Using WebDriver after calling quit()?
Build info: version: &amp;apos;unknown&amp;apos;, revision: &amp;apos;1969d75&amp;apos;, time: &amp;apos;2016-10-18 09:43:45 -0700&amp;apos;
System info: host: &amp;apos;Nagesh&amp;apos;, ip: &amp;apos;10.0.0.3&amp;apos;, os.name: &amp;apos;Windows 10&amp;apos;, os.arch: &amp;apos;amd64&amp;apos;, os.version: &amp;apos;10.0&amp;apos;, java.version: &amp;apos;1.8.0_65&amp;apos;
Driver info: driver.version: FirefoxDriver">
      <![CDATA[org.openqa.selenium.NoSuchSessionException: Session ID is null. Using WebDriver after calling quit()?
Build info: version: 'unknown', revision: '1969d75', time: '2016-10-18 09:43:45 -0700'
System info: host: 'Nagesh', ip: '10.0.0.3', os.name: 'Windows 10', os.arch: 'amd64', os.version: '10.0', java.version: '1.8.0_65'
Driver info: driver.version: FirefoxDriver
	at org.openqa.selenium.remote.HttpCommandExecutor.execute(HttpCommandExecutor.java:130)
	at org.openqa.selenium.remote.service.DriverCommandExecutor.execute(DriverCommandExecutor.java:82)
	at org.openqa.selenium.remote.RemoteWebDriver.execute(RemoteWebDriver.java:601)
	at org.openqa.selenium.firefox.FirefoxDriver.access$100(FirefoxDriver.java:70)
	at org.openqa.selenium.firefox.FirefoxDriver$1$1.implicitlyWait(FirefoxDriver.java:302)
	at TestCases.TestNG_TestCaseForListner.beforeMethod(TestNG_TestCaseForListner.java:39)
... Removed 27 stack frames]]>
    </failure>
  </testcase> <!-- @BeforeMethod beforeMethod -->
  <testcase name="@AfterMethod afterMethod" time="0.0" classname="TestCases.TestNG_TestCaseForListner">
    <skipped/>
  </testcase> <!-- @AfterMethod afterMethod -->
  <testcase name="fillBasicInfo" time="3.763" classname="TestCases.TestNG_TestCaseForListner"/>
  <testcase name="fillAdvancedInfo" time="0.003" classname="TestCases.TestNG_TestCaseForListner">
    <skipped/>
  </testcase> <!-- fillAdvancedInfo -->
</testsuite> <!-- Firefox Listners Test -->
