<?xml version="1.0" encoding="UTF-8"?>
<!-- Generated by org.testng.reporters.JUnitXMLReporter -->
<testsuite hostname="Nagesh" ignored="0" name="Default test" tests="4" failures="0" timestamp="23 Feb 2017 09:51:56 GMT" time="0.053" errors="0">
  <testcase name="AudiA6" time="0.005" classname="TestCases.GenericTestCases.TestNG_Grouping"/>
  <testcase name="BMW3Series" time="0.003" classname="TestCases.GenericTestCases.TestNG_Grouping"/>
  <testcase name="BMWX3" time="0.001" classname="TestCases.GenericTestCases.TestNG_Grouping"/>
  <testcase name="HondaAccord" time="0.001" classname="TestCases.GenericTestCases.TestNG_Grouping"/>
</testsuite> <!-- Default test -->
