<?xml version="1.0" encoding="UTF-8"?>
<testng-results skipped="0" failed="0" ignored="0" total="1" passed="1">
  <reporter-output>
  </reporter-output>
  <suite name="Default suite" duration-ms="26413" started-at="2017-02-18T20:28:20Z" finished-at="2017-02-18T20:28:46Z">
    <groups>
    </groups>
    <test name="Default test" duration-ms="26413" started-at="2017-02-18T20:28:20Z" finished-at="2017-02-18T20:28:46Z">
      <class name="TestCases.TestNG_TestCase">
        <test-method status="PASS" signature="beforeMethod()[pri:0, instance:TestCases.TestNG_TestCase@402a079c]" name="beforeMethod" is-config="true" duration-ms="5941" started-at="2017-02-19T01:58:20Z" finished-at="2017-02-19T01:58:26Z">
          <reporter-output>
          </reporter-output>
        </test-method> <!-- beforeMethod -->
        <test-method status="PASS" signature="testMethod()[pri:0, instance:TestCases.TestNG_TestCase@402a079c]" name="testMethod" duration-ms="15772" started-at="2017-02-19T01:58:26Z" finished-at="2017-02-19T01:58:42Z">
          <reporter-output>
          </reporter-output>
        </test-method> <!-- testMethod -->
        <test-method status="PASS" signature="afterMethod()[pri:0, instance:TestCases.TestNG_TestCase@402a079c]" name="afterMethod" is-config="true" duration-ms="4676" started-at="2017-02-19T01:58:42Z" finished-at="2017-02-19T01:58:46Z">
          <reporter-output>
          </reporter-output>
        </test-method> <!-- afterMethod -->
      </class> <!-- TestCases.TestNG_TestCase -->
    </test> <!-- Default test -->
  </suite> <!-- Default suite -->
</testng-results>
