<?xml version="1.0" encoding="UTF-8"?>
<!-- Generated by org.testng.reporters.JUnitXMLReporter -->
<testsuite hostname="Nagesh" ignored="0" name="Default test" tests="2" failures="0" timestamp="23 Feb 2017 08:28:31 GMT" time="93.199" errors="0">
  <testcase name="fillBasicInfo" time="3.72" classname="com.makemyvacation.flightsbooking.TestNG_TestCase"/>
  <testcase name="fillAdvancedInfo" time="4.327" classname="com.makemyvacation.flightsbooking.TestNG_TestCase"/>
</testsuite> <!-- Default test -->
